<?xml version="1.0" encoding="UTF-8"?>
<testng-results skipped="0" failed="1" ignored="0" total="3" passed="2">
  <reporter-output>
  </reporter-output>
  <suite name="Default suite" duration-ms="104733" started-at="2021-02-20T14:50:17 BDT" finished-at="2021-02-20T14:52:02 BDT">
    <groups>
    </groups>
    <test name="Default test" duration-ms="104733" started-at="2021-02-20T14:50:17 BDT" finished-at="2021-02-20T14:52:02 BDT">
      <class name="Message.sendtest.yahoo">
        <test-method status="PASS" signature="Driversetup()[pri:0, instance:Message.sendtest.yahoo@2145433b]" name="Driversetup" is-config="true" duration-ms="8355" started-at="2021-02-20T14:50:09 BDT" finished-at="2021-02-20T14:50:17 BDT">
          <reporter-output>
          </reporter-output>
        </test-method> <!-- Driversetup -->
        <test-method status="PASS" signature="login()[pri:0, instance:Message.sendtest.yahoo@2145433b]" name="login" is-config="true" duration-ms="73001" started-at="2021-02-20T14:50:17 BDT" finished-at="2021-02-20T14:51:30 BDT">
          <reporter-output>
          </reporter-output>
        </test-method> <!-- login -->
        <test-method status="PASS" signature="MessageSent()[pri:0, instance:Message.sendtest.yahoo@2145433b]" name="MessageSent" duration-ms="23244" started-at="2021-02-20T14:51:31 BDT" finished-at="2021-02-20T14:51:54 BDT">
          <reporter-output>
          </reporter-output>
        </test-method> <!-- MessageSent -->
        <test-method status="FAIL" signature="MessageValidation()[pri:0, instance:Message.sendtest.yahoo@2145433b]" name="MessageValidation" duration-ms="6903" started-at="2021-02-20T14:51:54 BDT" finished-at="2021-02-20T14:52:01 BDT">
          <exception class="java.lang.AssertionError">
            <full-stacktrace>
              <![CDATA[java.lang.AssertionError: 
at org.testng.AssertJUnit.fail(AssertJUnit.java:65)
at org.testng.AssertJUnit.assertTrue(AssertJUnit.java:23)
at org.testng.AssertJUnit.assertTrue(AssertJUnit.java:33)
at Message.sendtest.yahoo.MessageValidation(yahoo.java:122)
at sun.reflect.NativeMethodAccessorImpl.invoke0(Native Method)
at sun.reflect.NativeMethodAccessorImpl.invoke(NativeMethodAccessorImpl.java:62)
at sun.reflect.DelegatingMethodAccessorImpl.invoke(DelegatingMethodAccessorImpl.java:43)
at java.lang.reflect.Method.invoke(Method.java:498)
at org.testng.internal.MethodInvocationHelper.invokeMethod(MethodInvocationHelper.java:132)
at org.testng.internal.TestInvoker.invokeMethod(TestInvoker.java:599)
at org.testng.internal.TestInvoker.invokeTestMethod(TestInvoker.java:174)
at org.testng.internal.MethodRunner.runInSequence(MethodRunner.java:46)
at org.testng.internal.TestInvoker$MethodInvocationAgent.invoke(TestInvoker.java:822)
at org.testng.internal.TestInvoker.invokeTestMethods(TestInvoker.java:147)
at org.testng.internal.TestMethodWorker.invokeTestMethods(TestMethodWorker.java:146)
at org.testng.internal.TestMethodWorker.run(TestMethodWorker.java:128)
at java.util.ArrayList.forEach(ArrayList.java:1259)
at org.testng.TestRunner.privateRun(TestRunner.java:764)
at org.testng.TestRunner.run(TestRunner.java:585)
at org.testng.SuiteRunner.runTest(SuiteRunner.java:384)
at org.testng.SuiteRunner.runSequentially(SuiteRunner.java:378)
at org.testng.SuiteRunner.privateRun(SuiteRunner.java:337)
at org.testng.SuiteRunner.run(SuiteRunner.java:286)
at org.testng.SuiteRunnerWorker.runSuite(SuiteRunnerWorker.java:53)
at org.testng.SuiteRunnerWorker.run(SuiteRunnerWorker.java:96)
at org.testng.TestNG.runSuitesSequentially(TestNG.java:1218)
at org.testng.TestNG.runSuitesLocally(TestNG.java:1140)
at org.testng.TestNG.runSuites(TestNG.java:1069)
at org.testng.TestNG.run(TestNG.java:1037)
at org.testng.remote.AbstractRemoteTestNG.run(AbstractRemoteTestNG.java:115)
at org.testng.remote.RemoteTestNG.initAndRun(RemoteTestNG.java:251)
at org.testng.remote.RemoteTestNG.main(RemoteTestNG.java:77)
]]>
            </full-stacktrace>
          </exception> <!-- java.lang.AssertionError -->
          <reporter-output>
          </reporter-output>
        </test-method> <!-- MessageValidation -->
        <test-method status="PASS" signature="yahoologinValidation()[pri:0, instance:Message.sendtest.yahoo@2145433b]" name="yahoologinValidation" duration-ms="1063" started-at="2021-02-20T14:52:01 BDT" finished-at="2021-02-20T14:52:02 BDT">
          <reporter-output>
          </reporter-output>
        </test-method> <!-- yahoologinValidation -->
        <test-method status="PASS" signature="close()[pri:0, instance:Message.sendtest.yahoo@2145433b]" name="close" is-config="true" duration-ms="7199" started-at="2021-02-20T14:52:04 BDT" finished-at="2021-02-20T14:52:11 BDT">
          <reporter-output>
          </reporter-output>
        </test-method> <!-- close -->
      </class> <!-- Message.sendtest.yahoo -->
    </test> <!-- Default test -->
  </suite> <!-- Default suite -->
</testng-results>
